
*********************************************************************   
*                                                                   *      
*              ***  THIS IS THE GENOTYPER LOG-FILE  ***             *
*                                                                   *
*                Current biochemistery parameter set:	            *
*                                                                   *
*********************************************************************

[communication]

serial_port = /dev/ttyS0
home_dir = /home/biomems/Desktop/Genotyping/t_controller/code/off_chip/rev7
log_dir = /home/biomems/Desktop/Genotyping/t_controller/code/off_chip/rev7/process_logs/
cfg_dir = /home/biomems/Desktop/Genotyping/t_controller/code/off_chip/rev7/config_logs/
log_option = 1
speech_option = 0

[pcr_parameters]

loop_iter = 5
p_bandwidth1 = 22
i_gain1 = 2
d_gain1 = 0
p_bandwidth2 = 22
i_gain2 = 2
d_gain2 = 0
p_bandwidth3 = 15
i_gain3 = 10
d_gain3 = 0
p_bandwidth4 = 30
i_gain4 = 40
d_gain4 = 0
p_bandwidth5 = 50
i_gain5 = 10
d_gain5 = 0
temp1 = 96
temp2 = 96
temp3 = 40
temp4 = 73
temp5 = 25
ss_time1 = 25
ss_time2 = 20
ss_time3 = 60
ss_time4 = 30
ss_final = 15
temp_tolerance = 1
time_limit = 1
sampling_time = 0.1
sampling_period = 3

